1633641676961	geckodriver	INFO	Listening on 127.0.0.1:31355
1633641680043	mozrunner::runner	INFO	Running command: "C:\\Program Files\\Mozilla Firefox\\firefox.exe" "--marionette" "-no-remote" "-profile" "C:\\Users\\omkar\\AppData\\Local\\Temp\\rust_mozprofilek7LSMY"
1633641680755	Marionette	INFO	Marionette enabled
console.warn: SearchSettings: "get: No settings file exists, new profile?" (new NotFoundError("Could not open the file at C:\\Users\\omkar\\AppData\\Local\\Temp\\rust_mozprofilek7LSMY\\search.json.mozlz4", (void 0)))
1633641683344	Marionette	INFO	Listening on port 31363
1633641683727	RemoteAgent	WARN	TLS certificate errors will be ignored for this session
JavaScript warning: https://static.xx.fbcdn.net/rsrc.php/v3iIVd4/yn/l/gu_IN/sdLU8ytqjXx.js?_nc_x=Ij3Wp8lg5Kz, line 20: WEBGL_debug_renderer_info is deprecated in Firefox and will be removed. Please use RENDERER.
1633641690456	Marionette	INFO	Stopped listening on port 31363
JavaScript error: resource:///modules/Interactions.jsm, line 230: NS_ERROR_FAILURE: Component returned failure code: 0x80004005 (NS_ERROR_FAILURE) [nsIUserIdleService.removeIdleObserver]

###!!! [Parent][RunMessage] Error: Channel closing: too late to send/recv, messages will be lost

1633641702058	geckodriver	INFO	Listening on 127.0.0.1:31420
1633641705130	mozrunner::runner	INFO	Running command: "C:\\Program Files\\Mozilla Firefox\\firefox.exe" "--marionette" "-no-remote" "-profile" "C:\\Users\\omkar\\AppData\\Local\\Temp\\rust_mozprofilebJlHRE"
1633641705491	Marionette	INFO	Marionette enabled
console.warn: SearchSettings: "get: No settings file exists, new profile?" (new NotFoundError("Could not open the file at C:\\Users\\omkar\\AppData\\Local\\Temp\\rust_mozprofilebJlHRE\\search.json.mozlz4", (void 0)))
1633641707584	Marionette	INFO	Listening on port 31428
1633641707798	RemoteAgent	WARN	TLS certificate errors will be ignored for this session
JavaScript warning: https://static.xx.fbcdn.net/rsrc.php/v3iIVd4/yn/l/gu_IN/sdLU8ytqjXx.js?_nc_x=Ij3Wp8lg5Kz, line 20: WEBGL_debug_renderer_info is deprecated in Firefox and will be removed. Please use RENDERER.
1633641713644	Marionette	INFO	Stopped listening on port 31428
JavaScript error: resource:///modules/Interactions.jsm, line 230: NS_ERROR_FAILURE: Component returned failure code: 0x80004005 (NS_ERROR_FAILURE) [nsIUserIdleService.removeIdleObserver]
[Parent 12904, IPC I/O Parent] WARNING: file /builds/worker/checkouts/gecko/ipc/chromium/src/base/process_util_win.cc:167

###!!! [Parent][RunMessage] Error: Channel closing: too late to send/recv, messages will be lost

1633642524657	geckodriver	INFO	Listening on 127.0.0.1:1089
1633642527730	mozrunner::runner	INFO	Running command: "C:\\Program Files\\Mozilla Firefox\\firefox.exe" "--marionette" "-no-remote" "-profile" "C:\\Users\\omkar\\AppData\\Local\\Temp\\rust_mozprofilewFXgmq"
1633642528112	Marionette	INFO	Marionette enabled
console.warn: SearchSettings: "get: No settings file exists, new profile?" (new NotFoundError("Could not open the file at C:\\Users\\omkar\\AppData\\Local\\Temp\\rust_mozprofilewFXgmq\\search.json.mozlz4", (void 0)))
1633642530240	Marionette	INFO	Listening on port 1097
1633642530387	RemoteAgent	WARN	TLS certificate errors will be ignored for this session
1633642541916	Marionette	INFO	Stopped listening on port 1097
JavaScript error: resource:///modules/Interactions.jsm, line 230: NS_ERROR_FAILURE: Component returned failure code: 0x80004005 (NS_ERROR_FAILURE) [nsIUserIdleService.removeIdleObserver]
JavaScript error: chrome://remote/content/marionette/cert.js, line 55: NS_ERROR_NOT_AVAILABLE: Component returned failure code: 0x80040111 (NS_ERROR_NOT_AVAILABLE) [nsICertOverrideService.setDisableAllSecurityChecksAndLetAttackersInterceptMyData]

###!!! [Parent][RunMessage] Error: Channel closing: too late to send/recv, messages will be lost

1633642641622	geckodriver	INFO	Listening on 127.0.0.1:1053
1633642644703	mozrunner::runner	INFO	Running command: "C:\\Program Files\\Mozilla Firefox\\firefox.exe" "--marionette" "-no-remote" "-profile" "C:\\Users\\omkar\\AppData\\Local\\Temp\\rust_mozprofilex8gdne"
1633642645101	Marionette	INFO	Marionette enabled
console.warn: SearchSettings: "get: No settings file exists, new profile?" (new NotFoundError("Could not open the file at C:\\Users\\omkar\\AppData\\Local\\Temp\\rust_mozprofilex8gdne\\search.json.mozlz4", (void 0)))
1633642647297	Marionette	INFO	Listening on port 1061
1633642647359	RemoteAgent	WARN	TLS certificate errors will be ignored for this session
1633642651569	Marionette	INFO	Stopped listening on port 1061
JavaScript error: resource:///modules/Interactions.jsm, line 230: NS_ERROR_FAILURE: Component returned failure code: 0x80004005 (NS_ERROR_FAILURE) [nsIUserIdleService.removeIdleObserver]
JavaScript error: chrome://remote/content/marionette/cert.js, line 55: NS_ERROR_NOT_AVAILABLE: Component returned failure code: 0x80040111 (NS_ERROR_NOT_AVAILABLE) [nsICertOverrideService.setDisableAllSecurityChecksAndLetAttackersInterceptMyData]

###!!! [Parent][RunMessage] Error: Channel closing: too late to send/recv, messages will be lost

1633642821695	geckodriver	INFO	Listening on 127.0.0.1:1130
1633642824728	mozrunner::runner	INFO	Running command: "C:\\Program Files\\Mozilla Firefox\\firefox.exe" "--marionette" "-no-remote" "-profile" "C:\\Users\\omkar\\AppData\\Local\\Temp\\rust_mozprofilefKkduB"
1633642825053	Marionette	INFO	Marionette enabled
console.warn: SearchSettings: "get: No settings file exists, new profile?" (new NotFoundError("Could not open the file at C:\\Users\\omkar\\AppData\\Local\\Temp\\rust_mozprofilefKkduB\\search.json.mozlz4", (void 0)))
1633642827004	Marionette	INFO	Listening on port 1138
1633642827390	RemoteAgent	WARN	TLS certificate errors will be ignored for this session
[Parent 8344, IPC I/O Parent] WARNING: file /builds/worker/checkouts/gecko/ipc/chromium/src/base/process_util_win.cc:167
1633642849812	Marionette	INFO	Stopped listening on port 1138
JavaScript error: resource:///modules/Interactions.jsm, line 230: NS_ERROR_FAILURE: Component returned failure code: 0x80004005 (NS_ERROR_FAILURE) [nsIUserIdleService.removeIdleObserver]
JavaScript error: chrome://remote/content/marionette/cert.js, line 55: NS_ERROR_NOT_AVAILABLE: Component returned failure code: 0x80040111 (NS_ERROR_NOT_AVAILABLE) [nsICertOverrideService.setDisableAllSecurityChecksAndLetAttackersInterceptMyData]

###!!! [Parent][RunMessage] Error: Channel closing: too late to send/recv, messages will be lost

1633642852196	geckodriver	INFO	Listening on 127.0.0.1:1253
1633642855250	mozrunner::runner	INFO	Running command: "C:\\Program Files\\Mozilla Firefox\\firefox.exe" "--marionette" "-no-remote" "-profile" "C:\\Users\\omkar\\AppData\\Local\\Temp\\rust_mozprofileJpZjeu"
1633642855635	Marionette	INFO	Marionette enabled
console.warn: SearchSettings: "get: No settings file exists, new profile?" (new NotFoundError("Could not open the file at C:\\Users\\omkar\\AppData\\Local\\Temp\\rust_mozprofileJpZjeu\\search.json.mozlz4", (void 0)))
1633642857577	Marionette	INFO	Listening on port 1264
1633642857895	RemoteAgent	WARN	TLS certificate errors will be ignored for this session
1633642897126	Marionette	INFO	Stopped listening on port 1264
JavaScript error: resource:///modules/Interactions.jsm, line 230: NS_ERROR_FAILURE: Component returned failure code: 0x80004005 (NS_ERROR_FAILURE) [nsIUserIdleService.removeIdleObserver]
JavaScript error: chrome://remote/content/marionette/cert.js, line 55: NS_ERROR_NOT_AVAILABLE: Component returned failure code: 0x80040111 (NS_ERROR_NOT_AVAILABLE) [nsICertOverrideService.setDisableAllSecurityChecksAndLetAttackersInterceptMyData]
 0x0000000000000480 bytes requested
#01: soundtouch::SoundTouch::operator=[C:\Program Files\Mozilla Firefox\xul.dll +0x436ec3a]
#02: XRE_GetBootstrap[C:\Program Files\Mozilla Firefox\xul.dll +0x16953]
#03: XRE_GetBootstrap[C:\Program Files\Mozilla Firefox\xul.dll +0x1634e]
#04: XRE_GetBootstrap[C:\Program Files\Mozilla Firefox\xul.dll +0x12372]
#05: workerlz4_compress[C:\Program Files\Mozilla Firefox\xul.dll +0x122d812]
#06: workerlz4_compress[C:\Program Files\Mozilla Firefox\xul.dll +0xa132bf]
#07: workerlz4_compress[C:\Program Files\Mozilla Firefox\xul.dll +0xe54157]
#08: workerlz4_compress[C:\Program Files\Mozilla Firefox\xul.dll +0x122dd77]
#09: GetNtLoaderAPI[C:\Program Files\Mozilla Firefox\firefox.exe +0x5a25]
#10: IsSandboxedProcess[C:\Program Files\Mozilla Firefox\firefox.exe +0x1bbb8]
#11: ???[C:\WINDOWS\System32\KERNEL32.DLL +0x17034]
#12: RtlUserThreadStart[C:\WINDOWS\SYSTEM32\ntdll.dll +0x52651]
[GFX1-]: Receive IPC close with reason=AbnormalShutdown
1633642938174	geckodriver	INFO	Listening on 127.0.0.1:26346
1633642941261	mozrunner::runner	INFO	Running command: "C:\\Program Files\\Mozilla Firefox\\firefox.exe" "--marionette" "-no-remote" "-profile" "C:\\Users\\omkar\\AppData\\Local\\Temp\\rust_mozprofilecTqVZt"
1633642941670	Marionette	INFO	Marionette enabled
console.warn: SearchSettings: "get: No settings file exists, new profile?" (new NotFoundError("Could not open the file at C:\\Users\\omkar\\AppData\\Local\\Temp\\rust_mozprofilecTqVZt\\search.json.mozlz4", (void 0)))
1633642944037	Marionette	INFO	Listening on port 26354
1633642944446	RemoteAgent	WARN	TLS certificate errors will be ignored for this session
1633642956216	Marionette	INFO	Stopped listening on port 26354
JavaScript error: resource:///modules/Interactions.jsm, line 230: NS_ERROR_FAILURE: Component returned failure code: 0x80004005 (NS_ERROR_FAILURE) [nsIUserIdleService.removeIdleObserver]
JavaScript error: chrome://remote/content/marionette/cert.js, line 55: NS_ERROR_NOT_AVAILABLE: Component returned failure code: 0x80040111 (NS_ERROR_NOT_AVAILABLE) [nsICertOverrideService.setDisableAllSecurityChecksAndLetAttackersInterceptMyData]
1633643113793	geckodriver	INFO	Listening on 127.0.0.1:1052
1633643116835	mozrunner::runner	INFO	Running command: "C:\\Program Files\\Mozilla Firefox\\firefox.exe" "--marionette" "-no-remote" "-profile" "C:\\Users\\omkar\\AppData\\Local\\Temp\\rust_mozprofile3SBeSy"
1633643117277	Marionette	INFO	Marionette enabled
console.warn: SearchSettings: "get: No settings file exists, new profile?" (new NotFoundError("Could not open the file at C:\\Users\\omkar\\AppData\\Local\\Temp\\rust_mozprofile3SBeSy\\search.json.mozlz4", (void 0)))
1633643119754	Marionette	INFO	Listening on port 1061
1633643120005	RemoteAgent	WARN	TLS certificate errors will be ignored for this session
JavaScript warning: https://static.xx.fbcdn.net/rsrc.php/v3iIVd4/yn/l/gu_IN/sdLU8ytqjXx.js?_nc_x=Ij3Wp8lg5Kz, line 20: WEBGL_debug_renderer_info is deprecated in Firefox and will be removed. Please use RENDERER.
1633643126196	Marionette	INFO	Stopped listening on port 1061
JavaScript error: resource:///modules/Interactions.jsm, line 230: NS_ERROR_FAILURE: Component returned failure code: 0x80004005 (NS_ERROR_FAILURE) [nsIUserIdleService.removeIdleObserver]
1633643139345	geckodriver	INFO	Listening on 127.0.0.1:1065
1633643142417	mozrunner::runner	INFO	Running command: "C:\\Program Files\\Mozilla Firefox\\firefox.exe" "--marionette" "-no-remote" "-profile" "C:\\Users\\omkar\\AppData\\Local\\Temp\\rust_mozprofileFBWqo5"
1633643143037	Marionette	INFO	Marionette enabled
console.warn: SearchSettings: "get: No settings file exists, new profile?" (new NotFoundError("Could not open the file at C:\\Users\\omkar\\AppData\\Local\\Temp\\rust_mozprofileFBWqo5\\search.json.mozlz4", (void 0)))
1633643146377	Marionette	INFO	Listening on port 1081
1633643146613	RemoteAgent	WARN	TLS certificate errors will be ignored for this session
1633643149621	Marionette	INFO	Stopped listening on port 1081
JavaScript error: resource:///modules/Interactions.jsm, line 230: NS_ERROR_FAILURE: Component returned failure code: 0x80004005 (NS_ERROR_FAILURE) [nsIUserIdleService.removeIdleObserver]

###!!! [Child][MessageChannel] Error: (msgtype=0x590008,name=PHttpChannel::Msg_DeletingChannel) Channel closing: too late to send/recv, messages will be lost


###!!! [Child][MessageChannel] Error: (msgtype=0x590008,name=PHttpChannel::Msg_DeletingChannel) Channel closing: too late to send/recv, messages will be lost


###!!! [Child][MessageChannel] Error: (msgtype=0x590008,name=PHttpChannel::Msg_DeletingChannel) Channel closing: too late to send/recv, messages will be lost


###!!! [Child][MessageChannel] Error: (msgtype=0x590008,name=PHttpChannel::Msg_DeletingChannel) Channel closing: too late to send/recv, messages will be lost


###!!! [Child][MessageChannel] Error: (msgtype=0x590008,name=PHttpChannel::Msg_DeletingChannel) Channel closing: too late to send/recv, messages will be lost


###!!! [Child][MessageChannel] Error: (msgtype=0x590004,name=PHttpChannel::Msg_Cancel) Channel closing: too late to send/recv, messages will be lost


###!!! [Child][MessageChannel] Error: (msgtype=0x590008,name=PHttpChannel::Msg_DeletingChannel) Channel closing: too late to send/recv, messages will be lost


###!!! [Child][RunMessage] Error: Channel closing: too late to send/recv, messages will be lost

JavaScript error: chrome://remote/content/marionette/cert.js, line 55: NS_ERROR_NOT_AVAILABLE: Component returned failure code: 0x80040111 (NS_ERROR_NOT_AVAILABLE) [nsICertOverrideService.setDisableAllSecurityChecksAndLetAttackersInterceptMyData]

###!!! [Parent][RunMessage] Error: Channel closing: too late to send/recv, messages will be lost

1633678691146	geckodriver	INFO	Listening on 127.0.0.1:30203
1633678694239	mozrunner::runner	INFO	Running command: "C:\\Program Files\\Mozilla Firefox\\firefox.exe" "--marionette" "-no-remote" "-profile" "C:\\Users\\omkar\\AppData\\Local\\Temp\\rust_mozprofileuRU6nz"
1633678696137	Marionette	INFO	Marionette enabled
console.warn: SearchSettings: "get: No settings file exists, new profile?" (new NotFoundError("Could not open the file at C:\\Users\\omkar\\AppData\\Local\\Temp\\rust_mozprofileuRU6nz\\search.json.mozlz4", (void 0)))
1633678701014	Marionette	INFO	Listening on port 1059
1633678701257	RemoteAgent	WARN	TLS certificate errors will be ignored for this session
1633678705084	Marionette	INFO	Stopped listening on port 1059
JavaScript error: resource://gre/modules/UrlClassifierListManager.jsm, line 691: TypeError: this.tablesData[table] is undefined
JavaScript error: resource:///modules/Interactions.jsm, line 230: NS_ERROR_FAILURE: Component returned failure code: 0x80004005 (NS_ERROR_FAILURE) [nsIUserIdleService.removeIdleObserver]
JavaScript error: chrome://remote/content/marionette/cert.js, line 55: NS_ERROR_NOT_AVAILABLE: Component returned failure code: 0x80040111 (NS_ERROR_NOT_AVAILABLE) [nsICertOverrideService.setDisableAllSecurityChecksAndLetAttackersInterceptMyData]

###!!! [Parent][RunMessage] Error: Channel closing: too late to send/recv, messages will be lost

1633678708349	geckodriver	INFO	Listening on 127.0.0.1:5651
1633678711392	mozrunner::runner	INFO	Running command: "C:\\Program Files\\Mozilla Firefox\\firefox.exe" "--marionette" "-no-remote" "-profile" "C:\\Users\\omkar\\AppData\\Local\\Temp\\rust_mozprofileaFu1l5"
1633678712484	Marionette	INFO	Marionette enabled
console.warn: SearchSettings: "get: No settings file exists, new profile?" (new NotFoundError("Could not open the file at C:\\Users\\omkar\\AppData\\Local\\Temp\\rust_mozprofileaFu1l5\\search.json.mozlz4", (void 0)))
1633678716493	Marionette	INFO	Listening on port 5659
1633678716751	RemoteAgent	WARN	TLS certificate errors will be ignored for this session
1633678732223	Marionette	INFO	Stopped listening on port 5659
JavaScript error: resource:///modules/Interactions.jsm, line 230: NS_ERROR_FAILURE: Component returned failure code: 0x80004005 (NS_ERROR_FAILURE) [nsIUserIdleService.removeIdleObserver]
JavaScript error: chrome://remote/content/marionette/cert.js, line 55: NS_ERROR_NOT_AVAILABLE: Component returned failure code: 0x80040111 (NS_ERROR_NOT_AVAILABLE) [nsICertOverrideService.setDisableAllSecurityChecksAndLetAttackersInterceptMyData]

###!!! [Parent][RunMessage] Error: Channel closing: too late to send/recv, messages will be lost

1633678831313	geckodriver	INFO	Listening on 127.0.0.1:5752
1633678834386	mozrunner::runner	INFO	Running command: "C:\\Program Files\\Mozilla Firefox\\firefox.exe" "--marionette" "-no-remote" "-profile" "C:\\Users\\omkar\\AppData\\Local\\Temp\\rust_mozprofiledHAi3m"
1633678835202	Marionette	INFO	Marionette enabled
console.warn: SearchSettings: "get: No settings file exists, new profile?" (new NotFoundError("Could not open the file at C:\\Users\\omkar\\AppData\\Local\\Temp\\rust_mozprofiledHAi3m\\search.json.mozlz4", (void 0)))
1633678838748	Marionette	INFO	Listening on port 5760
1633678839262	RemoteAgent	WARN	TLS certificate errors will be ignored for this session
JavaScript warning: https://static.xx.fbcdn.net/rsrc.php/v3iIVd4/yn/l/gu_IN/sdLU8ytqjXx.js?_nc_x=Ij3Wp8lg5Kz, line 20: WEBGL_debug_renderer_info is deprecated in Firefox and will be removed. Please use RENDERER.
1633678843470	Marionette	INFO	Stopped listening on port 5760
JavaScript error: resource:///modules/Interactions.jsm, line 230: NS_ERROR_FAILURE: Component returned failure code: 0x80004005 (NS_ERROR_FAILURE) [nsIUserIdleService.removeIdleObserver]
JavaScript error: chrome://remote/content/marionette/cert.js, line 55: NS_ERROR_NOT_AVAILABLE: Component returned failure code: 0x80040111 (NS_ERROR_NOT_AVAILABLE) [nsICertOverrideService.setDisableAllSecurityChecksAndLetAttackersInterceptMyData]

###!!! [Parent][RunMessage] Error: Channel closing: too late to send/recv, messages will be lost

1633678878787	geckodriver	INFO	Listening on 127.0.0.1:5826
1633678881846	mozrunner::runner	INFO	Running command: "C:\\Program Files\\Mozilla Firefox\\firefox.exe" "--marionette" "-no-remote" "-profile" "C:\\Users\\omkar\\AppData\\Local\\Temp\\rust_mozprofileGNHfRa"
1633678882570	Marionette	INFO	Marionette enabled
console.warn: SearchSettings: "get: No settings file exists, new profile?" (new NotFoundError("Could not open the file at C:\\Users\\omkar\\AppData\\Local\\Temp\\rust_mozprofileGNHfRa\\search.json.mozlz4", (void 0)))
1633678886528	Marionette	INFO	Listening on port 5834
1633678886700	RemoteAgent	WARN	TLS certificate errors will be ignored for this session
1633678892477	Marionette	INFO	Stopped listening on port 5834
JavaScript error: resource:///modules/Interactions.jsm, line 230: NS_ERROR_FAILURE: Component returned failure code: 0x80004005 (NS_ERROR_FAILURE) [nsIUserIdleService.removeIdleObserver]
JavaScript error: chrome://remote/content/marionette/cert.js, line 55: NS_ERROR_NOT_AVAILABLE: Component returned failure code: 0x80040111 (NS_ERROR_NOT_AVAILABLE) [nsICertOverrideService.setDisableAllSecurityChecksAndLetAttackersInterceptMyData]

###!!! [Parent][RunMessage] Error: Channel closing: too late to send/recv, messages will be lost

1633678938537	geckodriver	INFO	Listening on 127.0.0.1:1037
1633678941584	mozrunner::runner	INFO	Running command: "C:\\Program Files\\Mozilla Firefox\\firefox.exe" "--marionette" "-no-remote" "-profile" "C:\\Users\\omkar\\AppData\\Local\\Temp\\rust_mozprofileb8xSA4"
1633678942520	Marionette	INFO	Marionette enabled
console.warn: SearchSettings: "get: No settings file exists, new profile?" (new NotFoundError("Could not open the file at C:\\Users\\omkar\\AppData\\Local\\Temp\\rust_mozprofileb8xSA4\\search.json.mozlz4", (void 0)))
1633678946574	Marionette	INFO	Listening on port 1063
1633678946973	RemoteAgent	WARN	TLS certificate errors will be ignored for this session
1633679074525	Marionette	INFO	Stopped listening on port 1063
JavaScript error: resource:///modules/Interactions.jsm, line 230: NS_ERROR_FAILURE: Component returned failure code: 0x80004005 (NS_ERROR_FAILURE) [nsIUserIdleService.removeIdleObserver]
JavaScript error: chrome://remote/content/marionette/cert.js, line 55: NS_ERROR_NOT_AVAILABLE: Component returned failure code: 0x80040111 (NS_ERROR_NOT_AVAILABLE) [nsICertOverrideService.setDisableAllSecurityChecksAndLetAttackersInterceptMyData]
1633679131244	geckodriver	INFO	Listening on 127.0.0.1:1048
1633679134357	mozrunner::runner	INFO	Running command: "C:\\Program Files\\Mozilla Firefox\\firefox.exe" "--marionette" "-no-remote" "-profile" "C:\\Users\\omkar\\AppData\\Local\\Temp\\rust_mozprofile5xiKax"
1633679135323	Marionette	INFO	Marionette enabled
console.warn: SearchSettings: "get: No settings file exists, new profile?" (new NotFoundError("Could not open the file at C:\\Users\\omkar\\AppData\\Local\\Temp\\rust_mozprofile5xiKax\\search.json.mozlz4", (void 0)))
1633679139272	Marionette	INFO	Listening on port 1057
1633679139685	RemoteAgent	WARN	TLS certificate errors will be ignored for this session
1633679145739	Marionette	INFO	Stopped listening on port 1057
JavaScript error: resource:///modules/Interactions.jsm, line 230: NS_ERROR_FAILURE: Component returned failure code: 0x80004005 (NS_ERROR_FAILURE) [nsIUserIdleService.removeIdleObserver]
JavaScript error: chrome://remote/content/marionette/cert.js, line 55: NS_ERROR_NOT_AVAILABLE: Component returned failure code: 0x80040111 (NS_ERROR_NOT_AVAILABLE) [nsICertOverrideService.setDisableAllSecurityChecksAndLetAttackersInterceptMyData]

###!!! [Parent][RunMessage] Error: Channel closing: too late to send/recv, messages will be lost

1633679575990	geckodriver	INFO	Listening on 127.0.0.1:16166
1633679579025	mozrunner::runner	INFO	Running command: "C:\\Program Files\\Mozilla Firefox\\firefox.exe" "--marionette" "-no-remote" "-profile" "C:\\Users\\omkar\\AppData\\Local\\Temp\\rust_mozprofileA5Hdve"
1633679579794	Marionette	INFO	Marionette enabled
console.warn: SearchSettings: "get: No settings file exists, new profile?" (new NotFoundError("Could not open the file at C:\\Users\\omkar\\AppData\\Local\\Temp\\rust_mozprofileA5Hdve\\search.json.mozlz4", (void 0)))
1633679583155	Marionette	INFO	Listening on port 16174
1633679583267	RemoteAgent	WARN	TLS certificate errors will be ignored for this session
1633679866950	Marionette	INFO	Stopped listening on port 16174
JavaScript error: resource:///modules/Interactions.jsm, line 230: NS_ERROR_FAILURE: Component returned failure code: 0x80004005 (NS_ERROR_FAILURE) [nsIUserIdleService.removeIdleObserver]
JavaScript error: chrome://remote/content/marionette/cert.js, line 55: NS_ERROR_NOT_AVAILABLE: Component returned failure code: 0x80040111 (NS_ERROR_NOT_AVAILABLE) [nsICertOverrideService.setDisableAllSecurityChecksAndLetAttackersInterceptMyData]

###!!! [Parent][RunMessage] Error: Channel closing: too late to send/recv, messages will be lost

1633679871372	geckodriver	INFO	Listening on 127.0.0.1:25482
1633679874469	mozrunner::runner	INFO	Running command: "C:\\Program Files\\Mozilla Firefox\\firefox.exe" "--marionette" "-no-remote" "-profile" "C:\\Users\\omkar\\AppData\\Local\\Temp\\rust_mozprofile108E55"
1633679875807	Marionette	INFO	Marionette enabled
console.warn: SearchSettings: "get: No settings file exists, new profile?" (new NotFoundError("Could not open the file at C:\\Users\\omkar\\AppData\\Local\\Temp\\rust_mozprofile108E55\\search.json.mozlz4", (void 0)))
1633679879277	Marionette	INFO	Listening on port 25490
1633679879818	RemoteAgent	WARN	TLS certificate errors will be ignored for this session
1633679905855	Marionette	INFO	Stopped listening on port 25490
JavaScript error: resource:///modules/Interactions.jsm, line 230: NS_ERROR_FAILURE: Component returned failure code: 0x80004005 (NS_ERROR_FAILURE) [nsIUserIdleService.removeIdleObserver]
JavaScript error: chrome://remote/content/marionette/cert.js, line 55: NS_ERROR_NOT_AVAILABLE: Component returned failure code: 0x80040111 (NS_ERROR_NOT_AVAILABLE) [nsICertOverrideService.setDisableAllSecurityChecksAndLetAttackersInterceptMyData]

###!!! [Parent][RunMessage] Error: Channel closing: too late to send/recv, messages will be lost

1633679910293	geckodriver	INFO	Listening on 127.0.0.1:25581
1633679913357	mozrunner::runner	INFO	Running command: "C:\\Program Files\\Mozilla Firefox\\firefox.exe" "--marionette" "-no-remote" "-profile" "C:\\Users\\omkar\\AppData\\Local\\Temp\\rust_mozprofilesTsFFK"
1633679914474	Marionette	INFO	Marionette enabled
console.warn: SearchSettings: "get: No settings file exists, new profile?" (new NotFoundError("Could not open the file at C:\\Users\\omkar\\AppData\\Local\\Temp\\rust_mozprofilesTsFFK\\search.json.mozlz4", (void 0)))
1633679917868	Marionette	INFO	Listening on port 25589
1633679918187	RemoteAgent	WARN	TLS certificate errors will be ignored for this session
JavaScript warning: https://static-exp1.licdn.com/sc/h/6jblk5oqhlo45xbkmcr7s4zix, line 1: WEBGL_debug_renderer_info is deprecated in Firefox and will be removed. Please use RENDERER.
JavaScript warning: https://static-exp1.licdn.com/sc/h/6jblk5oqhlo45xbkmcr7s4zix, line 1: WEBGL_debug_renderer_info is deprecated in Firefox and will be removed. Please use RENDERER.
1633679950992	Marionette	INFO	Stopped listening on port 25589
JavaScript error: resource:///modules/Interactions.jsm, line 230: NS_ERROR_FAILURE: Component returned failure code: 0x80004005 (NS_ERROR_FAILURE) [nsIUserIdleService.removeIdleObserver]
JavaScript error: chrome://remote/content/marionette/cert.js, line 55: NS_ERROR_NOT_AVAILABLE: Component returned failure code: 0x80040111 (NS_ERROR_NOT_AVAILABLE) [nsICertOverrideService.setDisableAllSecurityChecksAndLetAttackersInterceptMyData]

###!!! [Parent][RunMessage] Error: Channel closing: too late to send/recv, messages will be lost

78	RemoteAgent	WARN	TLS certificate errors will be ignored for this session
JavaScript warning: https://static-exp1.licdn.com/sc/h/3eegd351mum9xbgjpuuth8f88, line 5061: unreachable code after return statement
JavaScript warning: https://static-exp1.licdn.com/sc/h/72z1h3l18lkrnqqw0hs83l30t, line 6273: unreachable code after return statement
JavaScript warning: https://static-exp1.licdn.com/sc/h/7udz7oo0sczzr55lrd0zzqswn, line 6: unreachable code after return statement
JavaScript warning: https://static-exp1.licdn.com/sc/h/7udz7oo0sczzr55lrd0zzqswn, line 6: unreachable code after return statement
JavaScript warning: https://static-exp1.licdn.com/sc/h/cjfioud3kpba828y4z13z3gzy, line 6: unreachable code after return statement
JavaScript warning: https://static-exp1.licdn.com/sc/h/6c7m0hhoe4ddauqgday16ro3d, line 6: unreachable code after return statement
JavaScript warning: https://static-exp1.licdn.com/sc/h/enjw4zjvxevdm9ishq6r75kw2, line 6: unreachable code after return statement
JavaScript warning: https://static-exp1.licdn.com/sc/h/93ydubfrmsxwogjjw6ghsm5ba, line 6: unreachable code after return statement
1633679997577	Marionette	INFO	Stopped listening on port 25702
JavaScript error: resource:///modules/Interactions.jsm, line 230: NS_ERROR_FAILURE: Component returned failure code: 0x80004005 (NS_ERROR_FAILURE) [nsIUserIdleService.removeIdleObserver]
JavaScript error: chrome://remote/content/marionette/cert.js, line 55: NS_ERROR_NOT_AVAILABLE: Component returned failure code: 0x80040111 (NS_ERROR_NOT_AVAILABLE) [nsICertOverrideService.setDisableAllSecurityChecksAndLetAttackersInterceptMyData]

###!!! [Parent][RunMessage] Error: Channel closing: too late to send/recv, messages will be lost

1633680014070	geckodriver	INFO	Listening on 127.0.0.1:25824
1633680017146	mozrunner::runner	INFO	Running command: "C:\\Program Files\\Mozilla Firefox\\firefox.exe" "--marionette" "-no-remote" "-profile" "C:\\Users\\omkar\\AppData\\Local\\Temp\\rust_mozprofilemo2AcR"
1633680018259	Marionette	INFO	Marionette enabled
console.warn: SearchSettings: "get: No settings file exists, new profile?" (new NotFoundError("Could not open the file at C:\\Users\\omkar\\AppData\\Local\\Temp\\rust_mozprofilemo2AcR\\search.json.mozlz4", (void 0)))
1633680021440	Marionette	INFO	Listening on port 25832
1633680021525	RemoteAgent	WARN	TLS certificate errors will be ignored for this session
JavaScript warning: https://static-exp1.licdn.com/sc/h/72z1h3l18lkrnqqw0hs83l30t, line 6273: unreachable code after return statement
JavaScript warning: https://static-exp1.licdn.com/sc/h/7udz7oo0sczzr55lrd0zzqswn, line 6: unreachable code after return statement
JavaScript warning: https://static-exp1.licdn.com/sc/h/7udz7oo0sczzr55lrd0zzqswn, line 6: unreachable code after return statement
JavaScript warning: https://static-exp1.licdn.com/sc/h/cjfioud3kpba828y4z13z3gzy, line 6: unreachable code after return statement
JavaScript warning: https://static-exp1.licdn.com/sc/h/6c7m0hhoe4ddauqgday16ro3d, line 6: unreachable code after return statement
JavaScript warning: https://static-exp1.licdn.com/sc/h/enjw4zjvxevdm9ishq6r75kw2, line 6: unreachable code after return statement
JavaScript warning: https://static-exp1.licdn.com/sc/h/93ydubfrmsxwogjjw6ghsm5ba, line 6: unreachable code after return statement
JavaScript warning: https://static-exp1.licdn.com/sc/h/mlzol0w3xk0wq36egavtdr57, line 6: unreachable code after return statement
JavaScript warning: https://static-exp1.licdn.com/sc/h/gypvil9xkv7dz90afq3mk5yu, line 6: unreachable code after return statement
console.warn: LoginRecipes: "getRecipes: falling back to a synchronous message for:" "https://www.linkedin.com"
JavaScript warning: https://static-exp1.licdn.com/sc/h/72z1h3l18lkrnqqw0hs83l30t, line 6273: unreachable code after return statement
JavaScript warning: https://static-exp1.licdn.com/sc/h/mlzol0w3xk0wq36egavtdr57, line 6: unreachable code after return statement
JavaScript warning: https://static-exp1.licdn.com/sc/h/7udz7oo0sczzr55lrd0zzqswn, line 6: unreachable code after return statement
JavaScript warning: https://static-exp1.licdn.com/sc/h/7udz7oo0sczzr55lrd0zzqswn, line 6: unreachable code after return statement
JavaScript warning: https://static-exp1.licdn.com/sc/h/cjfioud3kpba828y4z13z3gzy, line 6: unreachable code after return statement
[GFX1-]: DCompositionSurface::BeginDraw failed: 0x8007000e
[GFX1-]: Fallback WR to SW-WR + D3D11
[GFX1-]: DCompositionSurface::BeginDraw failed: 0x8007000e
JavaScript warning: https://static-exp1.licdn.com/sc/h/enjw4zjvxevdm9ishq6r75kw2, line 6: unreachable code after return statement
[GFX1-]: Failed to allocate Texture2D: Size(1024,512)
JavaScript error: , line 0: uncaught exception: out of memory
JavaScript error: , line 0: uncaught exception: out of memory
[GFX1-]: Failed to allocate Texture2D: S[GFX1-ize(1]: Fallback SW-W024,5R + D12)
3D11 to SW-W[GRFX1-]
: Failed to allocate Texture2D: Size(1024,512)
[GFX1-]: Failed to allocate Texture2D: Size(1024,512)
[GFX1-]: Failed to allocate Texture2D: Size(1024,512)
[GFX1-]: GFX: D3D11 skip BeginFrame with device-removed.
JavaScript warning: https://static-exp1.licdn.com/sc/h/93ydubfrmsxwogjjw6ghsm5ba, line 6: unreachable code after return statement
[GFX1]: Failed to map tile: 0x887a0005
[GFX1-]: MapTile failed aValidRect: Rect(x=0, y=0, w=1024, h=512)
[GFX1-]: MapTile failed aValidRect: Rect(x=0, y=0, w=896, h=21)
[GFX1-]: MapTile failed aValidRect: Rect(x=0, y=0, w=896, h=512)
[GFX1-]: MapTile failed aValidRect: Rect(x=0, y=0, w=1024, h=21)
[GFX1-]: MapTile failed aValidRect: Rect(x=0, y=0, w=1024, h=512)
[GFX1-]: MapTile failed aValidRect: Rect(x=0, y=0, w=896, h=512)
[GFX1-]: GFX: RenderThread detected a device reset in PostUpdate
[GFX1-]: RenderCompositorSWGL failed mapping default framebuffer, no dt
JavaScript error: , line 0: uncaught exception: out of memory
JavaScript error: , line 0: uncaught exception: out of memory
JavaScript error: https://static-exp1.licdn.com/sc/h/72z1h3l18lkrnqqw0hs83l30t, line 25919: Error: Failed to preload bundles: profile
JavaScript error: https://static-exp1.licdn.com/sc/h/72z1h3l18lkrnqqw0hs83l30t, line 16143: Error: cannot parse
out of memory: 0x000000000000A800 bytes requested
out of memory: 0x0000000000004810 bytes requested
out of memory: 0x0000000000004810 bytes requested
out of memory: 0x0000000000004810 bytes requested

###!!! [Parent][MessageChannel] Error: (msgtype=0x390050,name=PContent::Msg_NotifyProcessPriorityChanged) Channel error: cannot send/recv


###!!! [Parent][MessageChannel] Error: (msgtype=0x390144,name=PContent::Msg_CommitBrowsingContextTransaction) Channel error: cannot send/recv

A content process crashed and MOZ_CRASHREPORTER_SHUTDOWN is set, shutting down
1633680497285	Marionette	INFO	Stopped listening on port 25832
JavaScript error: resource:///modules/Interactions.jsm, line 230: NS_ERROR_FAILURE: Component returned failure code: 0x80004005 (NS_ERROR_FAILURE) [nsIUserIdleService.removeIdleObserver]
[Parent 10984, IPC I/O Parent] WARNING: file /builds/worker/checkouts/gecko/ipc/chromium/src/base/process_util_win.cc:167
[Parent 10984, IPC I/O Parent] WARNING: file /builds/worker/checkouts/gecko/ipc/chromium/src/base/process_util_win.cc:167
JavaScript error: chrome://remote/content/marionette/cert.js, line 55: NS_ERROR_NOT_AVAILABLE: Component returned failure code: 0x80040111 (NS_ERROR_NOT_AVAILABLE) [nsICertOverrideService.setDisableAllSecurityChecksAndLetAttackersInterceptMyData]

###!!! [Parent][RunMessage] Error: Channel closing: too late to send/recv, messages will be lost

1633680520212	geckodriver	INFO	Listening on 127.0.0.1:2805
1633680523272	mozrunner::runner	INFO	Running command: "C:\\Program Files\\Mozilla Firefox\\firefox.exe" "--marionette" "-no-remote" "-profile" "C:\\Users\\omkar\\AppData\\Local\\Temp\\rust_mozprofile0eky38"
1633680524252	Marionette	INFO	Marionette enabled
console.warn: SearchSettings: "get: No settings file exists, new profile?" (new NotFoundError("Could not open the file at C:\\Users\\omkar\\AppData\\Local\\Temp\\rust_mozprofile0eky38\\search.json.mozlz4", (void 0)))
1633680528301	Marionette	INFO	Listening on port 1050
1633680528631	RemoteAgent	WARN	TLS certificate errors will be ignored for this session
JavaScript warning: https://static-exp1.licdn.com/sc/h/72z1h3l18lkrnqqw0hs83l30t, line 6273: unreachable code after return statement
JavaScript warning: https://static-exp1.licdn.com/sc/h/7udz7oo0sczzr55lrd0zzqswn, line 6: unreachable code after return statement
JavaScript warning: https://static-exp1.licdn.com/sc/h/7udz7oo0sczzr55lrd0zzqswn, line 6: unreachable code after return statement
JavaScript warning: https://static-exp1.licdn.com/sc/h/cjfioud3kpba828y4z13z3gzy, line 6: unreachable code after return statement
JavaScript warning: https://static-exp1.licdn.com/sc/h/6c7m0hhoe4ddauqgday16ro3d, line 6: unreachable code after return statement
JavaScript warning: https://static-exp1.licdn.com/sc/h/enjw4zjvxevdm9ishq6r75kw2, line 6: unreachable code after return statement
JavaScript warning: https://static-exp1.licdn.com/sc/h/93ydubfrmsxwogjjw6ghsm5ba, line 6: unreachable code after return statement
JavaScript error: , line 0: uncaught exception: Object
JavaScript error: , line 0: uncaught exception: Object
JavaScript warning: https://static-exp1.licdn.com/sc/h/72z1h3l18lkrnqqw0hs83l30t, line 6273: unreachable code after return statement
JavaScript warning: https://static-exp1.licdn.com/sc/h/mlzol0w3xk0wq36egavtdr57, line 6: unreachable code after return statement
JavaScript warning: https://static-exp1.licdn.com/sc/h/7udz7oo0sczzr55lrd0zzqswn, line 6: unreachable code after return statement
JavaScript warning: https://static-exp1.licdn.com/sc/h/7udz7oo0sczzr55lrd0zzqswn, line 6: unreachable code after return statement
JavaScript warning: https://static-exp1.licdn.com/sc/h/cjfioud3kpba828y4z13z3gzy, line 6: unreachable code after return statement
JavaScript warning: https://static-exp1.licdn.com/sc/h/gypvil9xkv7dz90afq3mk5yu, line 6: unreachable code after return statement
JavaScript warning: https://static-exp1.licdn.com/sc/h/enjw4zjvxevdm9ishq6r75kw2, line 6: unreachable code after return statement
JavaScript warning: https://static-exp1.licdn.com/sc/h/93ydubfrmsxwogjjw6ghsm5ba, line 6: unreachable code after return statement
1633680591296	Marionette	INFO	Stopped listening on port 1050
JavaScript error: resource:///modules/Interactions.jsm, line 230: NS_ERROR_FAILURE: Component returned failure code: 0x80004005 (NS_ERROR_FAILURE) [nsIUserIdleService.removeIdleObserver]
JavaScript error: chrome://remote/content/marionette/cert.js, line 55: NS_ERROR_NOT_AVAILABLE: Component returned failure code: 0x80040111 (NS_ERROR_NOT_AVAILABLE) [nsICertOverrideService.setDisableAllSecurityChecksAndLetAttackersInterceptMyData]
1633680593026	geckodriver	INFO	Listening on 127.0.0.1:15070
1633680596119	mozrunner::runner	INFO	Running command: "C:\\Program Files\\Mozilla Firefox\\firefox.exe" "--marionette" "-no-remote" "-profile" "C:\\Users\\omkar\\AppData\\Local\\Temp\\rust_mozprofileAATyHN"
1633680597132	Marionette	INFO	Marionette enabled
console.warn: SearchSettings: "get: No settings file exists, new profile?" (new NotFoundError("Could not open the file at C:\\Users\\omkar\\AppData\\Local\\Temp\\rust_mozprofileAATyHN\\search.json.mozlz4", (void 0)))
1633680600460	Marionette	INFO	Listening on port 15078
1633680601014	RemoteAgent	WARN	TLS certificate errors will be ignored for this session
JavaScript warning: https://static-exp1.licdn.com/sc/h/72z1h3l18lkrnqqw0hs83l30t, line 6273: unreachable code after return statement
JavaScript warning: https://static-exp1.licdn.com/sc/h/7udz7oo0sczzr55lrd0zzqswn, line 6: unreachable code after return statement
JavaScript warning: https://static-exp1.licdn.com/sc/h/7udz7oo0sczzr55lrd0zzqswn, line 6: unreachable code after return statement
JavaScript warning: https://static-exp1.licdn.com/sc/h/cjfioud3kpba828y4z13z3gzy, line 6: unreachable code after return statement
JavaScript warning: https://static-exp1.licdn.com/sc/h/6c7m0hhoe4ddauqgday16ro3d, line 6: unreachable code after return statement
JavaScript warning: https://static-exp1.licdn.com/sc/h/enjw4zjvxevdm9ishq6r75kw2, line 6: unreachable code after return statement
JavaScript warning: https://static-exp1.licdn.com/sc/h/93ydubfrmsxwogjjw6ghsm5ba, line 6: unreachable code after return statement
JavaScript error: , line 0: uncaught exception: Object
JavaScript warning: https://static-exp1.licdn.com/sc/h/72z1h3l18lkrnqqw0hs83l30t, line 6273: unreachable code after return statement
JavaScript warning: https://static-exp1.licdn.com/sc/h/mlzol0w3xk0wq36egavtdr57, line 6: unreachable code after return statement
JavaScript warning: https://static-exp1.licdn.com/sc/h/7udz7oo0sczzr55lrd0zzqswn, line 6: unreachable code after return statement
JavaScript warning: https://static-exp1.licdn.com/sc/h/7udz7oo0sczzr55lrd0zzqswn, line 6: unreachable code after return statement
JavaScript warning: https://static-exp1.licdn.com/sc/h/cjfioud3kpba828y4z13z3gzy, line 6: unreachable code after return statement
JavaScript warning: https://static-exp1.licdn.com/sc/h/gypvil9xkv7dz90afq3mk5yu, line 6: unreachable code after return statement
JavaScript warning: https://static-exp1.licdn.com/sc/h/enjw4zjvxevdm9ishq6r75kw2, line 6: unreachable code after return statement
JavaScript warning: https://static-exp1.licdn.com/sc/h/93ydubfrmsxwogjjw6ghsm5ba, line 6: unreachable code after return statement
1633680657428	Marionette	INFO	Stopped listening on port 1501633680657910	mozrunner::runner	INFO	Running command: "C:\\Program Files\\Mozilla Firefox\\firefox.exe" "--marionette" "-no-remote" "-profile" "C:\\Users\\omkar\\AppData\\Local\\Temp\\rust_mozprofileohJ7OS"
1633680658630	Marionette	INFO	Marionette enabled
console.warn: SearchSettings: "get: No settings file exists, new profile?" (new NotFoundError("Could not open the file at C:\\Users\\omkar\\AppData\\Local\\Temp\\rust_mozprofileohJ7OS\\search.json.mozlz4", (void 0)))
1633680662634	Marionette	INFO	Listening on port 1059
1633680662780	RemoteAgent	WARN	TLS certificate errors will be ignored for this session
JavaScript warning: https://static-exp1.licdn.com/sc/h/72z1h3l18lkrnqqw0hs83l30t, line 6273: unreachable code after return statement
JavaScript warning: https://static-exp1.licdn.com/sc/h/7udz7oo0sczzr55lrd0zzqswn, line 6: unreachable code after return statement
JavaScript warning: https://static-exp1.licdn.com/sc/h/7udz7oo0sczzr55lrd0zzqswn, line 6: unreachable code after return statement
JavaScript warning: https://static-exp1.licdn.com/sc/h/cjfioud3kpba828y4z13z3gzy, line 6: unreachable code after return statement
JavaScript warning: https://static-exp1.licdn.com/sc/h/6c7m0hhoe4ddauqgday16ro3d, line 6: unreachable code after return statement
JavaScript warning: https://static-exp1.licdn.com/sc/h/enjw4zjvxevdm9ishq6r75kw2, line 6: unreachable code after return statement
JavaScript warning: https://static-exp1.licdn.com/sc/h/93ydubfrmsxwogjjw6ghsm5ba, line 6: unreachable code after return statement
JavaScript error: , line 0: uncaught exception: Object
JavaScript warning: https://static-exp1.licdn.com/sc/h/72z1h3l18lkrnqqw0hs83l30t, line 6273: unreachable code after return statement
JavaScript warning: https://static-exp1.licdn.com/sc/h/mlzol0w3xk0wq36egavtdr57, line 6: unreachable code after return statement
JavaScript warning: https://static-exp1.licdn.com/sc/h/7udz7oo0sczzr55lrd0zzqswn, line 6: unreachable code after return statement
JavaScript warning: https://static-exp1.licdn.com/sc/h/7udz7oo0sczzr55lrd0zzqswn, line 6: unreachable code after return statement
JavaScript warning: https://static-exp1.licdn.com/sc/h/cjfioud3kpba828y4z13z3gzy, line 6: unreachable code after return statement
JavaScript warning: https://static-exp1.licdn.com/sc/h/gypvil9xkv7dz90afq3mk5yu, line 6: unreachable code after return statement
JavaScript warning: https://static-exp1.licdn.com/sc/h/enjw4zjvxevdm9ishq6r75kw2, line 6: unreachable code after return statement
JavaScript warning: https://static-exp1.licdn.com/sc/h/93ydubfrmsxwogjjw6ghsm5ba, line 6: unreachable code after return statement
1633680710052	Marionette	INFO	Stopped listening on port 1051633680710557	mozrunner::runner	INFO	Running command: "C:\\Program Files\\Mozilla Firefox\\firefox.exe" "--marionette" "-no-remote" "-profile" "C:\\Users\\omkar\\AppData\\Local\\Temp\\rust_mozprofilelOeEhp"
1633680711299	Marionette	INFO	Marionette enabled
console.warn: SearchSettings: "get: No settings file exists, new profile?" (new NotFoundError("Could not open the file at C:\\Users\\omkar\\AppData\\Local\\Temp\\rust_mozprofilelOeEhp\\search.json.mozlz4", (void 0)))
1633680715743	Marionette	INFO	Listening on port 1191
1633680715924	RemoteAgent	WARN	TLS certificate errors will be ignored for this session
JavaScript warning: https://static-exp1.licdn.com/sc/h/72z1h3l18lkrnqqw0hs83l30t, line 6273: unreachable code after return statement
JavaScript warning: https://static-exp1.licdn.com/sc/h/7udz7oo0sczzr55lrd0zzqswn, line 6: unreachable code after return statement
JavaScript warning: https://static-exp1.licdn.com/sc/h/7udz7oo0sczzr55lrd0zzqswn, line 6: unreachable code after return statement
JavaScript warning: https://static-exp1.licdn.com/sc/h/cjfioud3kpba828y4z13z3gzy, line 6: unreachable code after return statement
JavaScript warning: https://static-exp1.licdn.com/sc/h/6c7m0hhoe4ddauqgday16ro3d, line 6: unreachable code after return statement
JavaScript warning: https://static-exp1.licdn.com/sc/h/enjw4zjvxevdm9ishq6r75kw2, line 6: unreachable code after return statement
JavaScript warning: https://static-exp1.licdn.com/sc/h/93ydubfrmsxwogjjw6ghsm5ba, line 6: unreachable code after return statement
JavaScript error: , line 0: uncaught exception: Object
JavaScript warning: https://static-exp1.licdn.com/sc/h/72z1h3l18lkrnqqw0hs83l30t, line 6273: unreachable code after return statement
JavaScript warning: https://static-exp1.licdn.com/sc/h/mlzol0w3xk0wq36egavtdr57, line 6: unreachable code after return statement
JavaScript warning: https://static-exp1.licdn.com/sc/h/7udz7oo0sczzr55lrd0zzqswn, line 6: unreachable code after return statement
JavaScript warning: https://static-exp1.licdn.com/sc/h/7udz7oo0sczzr55lrd0zzqswn, line 6: unreachable code after return statement
JavaScript warning: https://static-exp1.licdn.com/sc/h/cjfioud3kpba828y4z13z3gzy, line 6: unreachable code after return statement
JavaScript warning: https://static-exp1.licdn.com/sc/h/gypvil9xkv7dz90afq3mk5yu, line 6: unreachable code after return statement
JavaScript warning: https://static-exp1.licdn.com/sc/h/enjw4zjvxevdm9ishq6r75kw2, line 6: unreachable code after return statement
JavaScript warning: https://static-exp1.licdn.com/sc/h/93ydubfrmsxwogjjw6ghsm5ba, line 6: unreachable code after return statement
1633680781847	Marionette	INFO	Stopped listening on port 1191
JavaScript error: resource:///modules/Interactions.jsm, line 230: NS_ERROR_FAILURE: Component returned failure code: 0x80004005 (NS_ERROR_FAILURE) [nsIUserIdleService.removeIdleObserver]

###!!! [Child][RunMessage] Error: Channel closing: too late to send/recv, messages will be lost


###!!! [Child][RunMessage] Error: Channel closing: too late to send/recv, messages will be lost

JavaScript error: chrome://remote/content/marionette/cert.js, line 55: NS_ERROR_NOT_AVAILABLE: Component returned failure code: 0x80040111 (NS_ERROR_NOT_AVAILABLE) [nsICertOverrideService.setDisableAllSecurityChecksAndLetAttackersInterceptMyData]

###!!! [Parent][RunMessage] Error: Channel closing: too late to send/recv, messages will be lost

1633680783974	geckodriver	INFO	Listening on 127.0.0.1:1046
1633680787021	mozrunner::runner	INFO	Running command: "C:\\Program Files\\Mozilla Firefox\\firefox.exe" "--marionette" "-no-remote" "-profile" "C:\\Users\\omkar\\AppData\\Local\\Temp\\rust_mozprofileLus4g2"
1633680788274	Marionette	INFO	Marionette enabled
console.warn: SearchSettings: "get: No settings file exists, new profile?" (new NotFoundError("Could not open the file at C:\\Users\\omkar\\AppData\\Local\\Temp\\rust_mozprofileLus4g2\\search.json.mozlz4", (void 0)))
1633680792220	Marionette	INFO	Listening on port 1056
1633680792393	RemoteAgent	WARN	TLS certificate errors will be ignored for this session
JavaScript warning: https://static-exp1.licdn.com/sc/h/72z1h3l18lkrnqqw0hs83l30t, line 6273: unreachable code after return statement
JavaScript warning: https://static-exp1.licdn.com/sc/h/7udz7oo0sczzr55lrd0zzqswn, line 6: unreachable code after return statement
JavaScript warning: https://static-exp1.licdn.com/sc/h/7udz7oo0sczzr55lrd0zzqswn, line 6: unreachable code after return statement
JavaScript warning: https://static-exp1.licdn.com/sc/h/cjfioud3kpba828y4z13z3gzy, line 6: unreachable code after return statement
JavaScript warning: https://static-exp1.licdn.com/sc/h/6c7m0hhoe4ddauqgday16ro3d, line 6: unreachable code after return statement
JavaScript warning: https://static-exp1.licdn.com/sc/h/enjw4zjvxevdm9ishq6r75kw2, line 6: unreachable code after return statement
JavaScript warning: https://static-exp1.licdn.com/sc/h/93ydubfrmsxwogjjw6ghsm5ba, line 6: unreachable code after return statement
JavaScript error: , line 0: uncaught exception: Object
JavaScript warning: https://static-exp1.licdn.com/sc/h/72z1h3l18lkrnqqw0hs83l30t, line 6273: unreachable code after return statement
JavaScript warning: https://static-exp1.licdn.com/sc/h/mlzol0w3xk0wq36egavtdr57, line 6: unreachable code after return statement
JavaScript warning: https://static-exp1.licdn.com/sc/h/7udz7oo0sczzr55lrd0zzqswn, line 6: unreachable code after return statement
JavaScript warning: https://static-exp1.licdn.com/sc/h/7udz7oo0sczzr55lrd0zzqswn, line 6: unreachable code after return statement
JavaScript warning: https://static-exp1.licdn.com/sc/h/cjfioud3kpba828y4z13z3gzy, line 6: unreachable code after return statement
JavaScript warning: https://static-exp1.licdn.com/sc/h/gypvil9xkv7dz90afq3mk5yu, line 6: unreachable code after return statement
JavaScript warning: https://static-exp1.licdn.com/sc/h/enjw4zjvxevdm9ishq6r75kw2, line 6: unreachable code after return statement
JavaScript warning: https://static-exp1.licdn.com/sc/h/93ydubfrmsxwogjjw6ghsm5ba, line 6: unreachable code after return statement
[GFX1-]: Failed to load a program object with a program binary: gpu_cache_update renderer ANGLE (Intel(R) UHD Graphics 620 Direct3D11 vs_5_0 ps_5_0)

[2021-10-08T08:14:09Z ERROR webrender::device::gl] Failed to load a program object with a program binary: gpu_cache_update renderer ANGLE (Intel(R) UHD Graphics 620 Direct3D11 vs_5_0 ps_5_0)
    
[GFX1-]: shader-cache: Failed program_binary
[2021-10-08T08:14:09Z ERROR webrender_bindings::program_cache] shader-cache: Failed program_binary
[GFX1-]: Failed to compile vertex shader: gpu_cache_update

[2021-10-08T08:14:09Z ERROR webrender::device::gl] Failed to compile vertex shader: gpu_cache_update
    
[GFX1-]: wr_renderer_render: Shader(Compilation("gpu_cache_update", ""))
[GFX1-]: GFX: RenderThread detected a device reset in PostUpdate
[GFX1-]: Fallback WR to SW-WR + D3D11
[GFX1-]: Failed to make render context current during destroying.
[GFX1-]: Failed to make render context current during destroying.
[Parent 14428, IPC I/O Parent] WARNING: file /builds/worker/checkouts/gecko/ipc/chromium/src/base/process_util_win.cc:167
console.error: "stylesheets: fetch failed for https://static-exp1.licdn.com/sc/h/e6bwb5bu87ioty30zuhhpa4ai, using system principal instead."
[GFX1-]: Failed to create StagingTexture: Size(1024,512)
[GFX1-]: Failed to allocate Texture2D: Size(1024,512)
[GFX1-]: Failed to allocate Texture2D: Size(1024,512)
[GFX1-]: Failed to allocate Texture2D: Size(1024,512)
[GFX1-]: Failed to allocate Texture2D: Size(1024,512)
[GFX1-]: Failed to allocate Texture2D: Size(1024,512)
[GFX1-]: Failed to allocate Texture2D: Size(1024,512)
[GFX1-]: Failed to allocate Texture2D: Size(1024,512)
[GFX1-]: [GFX1-]: FFailedallback SW-WR + D3D11 to SW-WR
 to allocate Texture2D: Size(1024,512)
[GFX1-]: Failed to allocate Texture2D: Size(1024,512)
[GFX1-]: Failed to allocate Texture2D: Size(1024,512)
[GFX1-]: Failed to allocate Texture2D: Size(1024,512)
[GFX1-]: Failed to allocate Texture2D: Size(1024,512)
[GFX1-]: Failed to allocate Texture2D: Size(1024,512)
[GFX1-]: Failed to allocate Texture2D: Size(1024,512)
[GFX1-]: Failed to allocate Texture2D: Size(1024,512)
[GFX1-]: GFX: D3D11 skip BeginFrame with device-removed.
[GFX1]: Failed to map tile: 0x887a0005
[GFX1-]: MapTile failed aValidRect: Rect(x=0, y=77, w=1024, h=60)
[GFX1]: Failed to map tile: 0x887a0005
[GFX1-]: MapTile failed aValidRect: Rect(x=0, y=77, w=896, h=60)
[GFX1]: Failed to map tile: 0x887a0005
[GFX1-]: MapTile failed aValidRect: Rect(x=0, y=158, w=1024, h=354)
[GFX1]: Failed to map tile: 0x887a0005
[GFX1-]: MapTile failed aValidRect: Rect(x=0, y=158, w=896, h=354)
[GFX1-]: MapTile failed aValidRect: Rect(x=0, y=78, w=1024, h=434)
[GFX1-]: MapTile failed aValidRect: Rect(x=0, y=78, w=870, h=434)
[GFX1-]: MapTile failed aValidRect: Rect(x=100, y=0, w=924, h=512)
[GFX1-]: MapTile failed aValidRect: Rect(x=0, y=0, w=771, h=512)
[GFX1]: Failed to map tile: 0x887a0005
[GFX1-]: MapTile failed aValidRect: Rect(x=6, y=138, w=26, h=532)
[GFX1-]: MapTile failed aValidRect: Rect(x=3, y=17, w=332, h=54)
[GFX1-]: MapTile failed aValidRect: Rect(x=715, y=35, w=156, h=18)
[GFX1-]: MapTile failed aValidRect: Rect(x=0, y=153, w=1024, h=8)
[GFX1-]: MapTile failed aValidRect: Rect(x=0, y=153, w=896, h=8)
[GFX1-]: MapTile failed aValidRect: Rect(x=0, y=138, w=1024, h=374)
[GFX1-]: MapTile failed aValidRect: Rect(x=0, y=138, w=870, h=374)
[GFX1-]: MapTile failed aValidRect: Rect(x=926, y=0, w=98, h=158)
[GFX1-]: MapTile failed aValidRect: Rect(x=0, y=0, w=870, h=158)
[GFX1-]: MapTile failed aValidRect: Rect(x=0, y=0, w=1024, h=512)
[GFX1-]: MapTile failed aValidRect: Rect(x=0, y=0, w=870, h=512)
[GFX1-]: MapTile failed aValidRect: Rect(x=0, y=0, w=1024, h=512)
[GFX1-]: MapTile failed aValidRect: Rect(x=0, y=0, w=870, h=512)
[GFX1-]: GFX: RenderThread detected a device reset in PostUpdate
out of memory: 0x000000000006DD70 bytes requested
out of memory: 0x0000000000002000 bytes requested
out of memory: 0x0000000000002000 bytes requested
out of memory: 0x0000000000000120 bytes requested
1633681062042	geckodriver	INFO	Listening on 127.0.0.1:33076
1633681065083	mozrunner::runner	INFO	Running command: "C:\\Program Files\\Mozilla Firefox\\firefox.exe" "--marionette" "-no-remote" "-profile" "C:\\Users\\omkar\\AppData\\Local\\Temp\\rust_mozprofilexhBBws"
1633681066021	Marionette	INFO	Marionette enabled
console.warn: SearchSettings: "get: No settings file exists, new profile?" (new NotFoundError("Could not open the file at C:\\Users\\omkar\\AppData\\Local\\Temp\\rust_mozprofilexhBBws\\search.json.mozlz4", (void 0)))
1633681069642	Marionette	INFO	Listening on port 33084
1633681069930	RemoteAgent	WARN	TLS certificate errors will be ignored for this session
JavaScript warning: https://static-exp1.licdn.com/sc/h/72z1h3l18lkrnqqw0hs83l30t, line 6273: unreachable code after return statement
JavaScript warning: https://static-exp1.licdn.com/sc/h/7udz7oo0sczzr55lrd0zzqswn, line 6: unreachable code after return statement
JavaScript warning: https://static-exp1.licdn.com/sc/h/7udz7oo0sczzr55lrd0zzqswn, line 6: unreachable code after return statement
Hit MOZ_CRASH([unhandlable oom] Failed to allocate new chunk during GC) at /builds/worker/checkouts/gecko/js/src/vm/JSContext.cpp:1242
#01: ???[C:\Program Files\Mozilla Firefox\xul.dll +0x436ec3a]
#02: ???[C:\Program Files\Mozilla Firefox\xul.dll +0x4373202]
#03: ???[C:\Program Files\Mozilla Firefox\xul.dll +0x16dfa86]
#04: ???[C:\Program Files\Mozilla Firefox\xul.dll +0x1c09b79]
#05: ???[C:\Program Files\Mozilla Firefox\xul.dll +0x1c0c285]
#06: ???[C:\Program Files\Mozilla Firefox\xul.dll +0x1c0d0e4]
#07: ???[C:\Program Files\Mozilla Firefox\xul.dll +0x12e6ddd]
#08: ???[C:\Program Files\Mozilla Firefox\xul.dll +0x1bfa6e2]
#09: ???[C:\Program Files\Mozilla Firefox\xul.dll +0x12e7ae8]
#10: ???[C:\Program Files\Mozilla Firefox\xul.dll +0x12e82ec]
#11: ???[C:\Program Files\Mozilla Firefox\xul.dll +0x12e11ee]
#12: ???[C:\Program Files\Mozilla Firefox\xul.dll +0x4434886]
#13: ???[C:\Program Files\Mozilla Firefox\xul.dll +0x1c040d5]
#14: ???[C:\Program Files\Mozilla Firefox\xul.dll +0x1bcb7e5]
#15: ???[C:\Program Files\Mozilla Firefox\xul.dll +0x1bcf720]
#16: ???[C:\Program Files\Mozilla Firefox\xul.dll +0x179bc27]
#17: ???[C:\Program Files\Mozilla Firefox\xul.dll +0x17c74fc]
#18: ??? (???:???)
[GPU 7832, IPC I/O Child] WARNING: pipe error: 232: file /builds/worker/checkouts/gecko/ipc/chromium/src/chrome/common/ipc_channel_win.cc:544
Exiting due to channel error.
1633681189430	geckodriver	INFO	Listening on 127.0.0.1:12079
1633681192488	mozrunner::runner	INFO	Running command: "C:\\Program Files\\Mozilla Firefox\\firefox.exe" "--marionette" "-no-remote" "-profile" "C:\\Users\\omkar\\AppData\\Local\\Temp\\rust_mozprofileaZwQd5"
1633681193248	Marionette	INFO	Marionette enabled
console.warn: SearchSettings: "get: No settings file exists, new profile?" (new NotFoundError("Could not open the file at C:\\Users\\omkar\\AppData\\Local\\Temp\\rust_mozprofileaZwQd5\\search.json.mozlz4", (void 0)))
1633681197368	Marionette	INFO	Listening on port 12087
1633681197792	RemoteAgent	WARN	TLS certificate errors will be ignored for this session
JavaScript warning: https://static-exp1.licdn.com/sc/h/72z1h3l18lkrnqqw0hs83l30t, line 6273: unreachable code after return statement
JavaScript warning: https://static-exp1.licdn.com/sc/h/7udz7oo0sczzr55lrd0zzqswn, line 6: unreachable code after return statement
JavaScript warning: https://static-exp1.licdn.com/sc/h/7udz7oo0sczzr55lrd0zzqswn, line 6: unreachable code after return statement
JavaScript warning: https://static-exp1.licdn.com/sc/h/cjfioud3kpba828y4z13z3gzy, line 6: unreachable code after return statement
JavaScript warning: https://static-exp1.licdn.com/sc/h/6c7m0hhoe4ddauqgday16ro3d, line 6: unreachable code after return statement
JavaScript error: https://static-exp1.licdn.com/sc/h/6c7m0hhoe4ddauqgday16ro3d, line 3856: SyntaxError: missing ) in parenthetical
JavaScript error: https://static-exp1.licdn.com/sc/h/awnipie42g7gn4xaltnx3xmih, line 1685: SyntaxError: '' string literal contains an unescaped line break
JavaScript warning: https://static-exp1.licdn.com/sc/h/enjw4zjvxevdm9ishq6r75kw2, line 6: unreachable code after return statement
JavaScript warning: https://static-exp1.licdn.com/sc/h/93ydubfrmsxwogjjw6ghsm5ba, line 6: unreachable code after return statement
Hit MOZ_CRASH([unhandlable oom] Failed to allocate new chunk during GC) at /builds/worker/checkouts/gecko/js/src/vm/JSContext.cpp:1244
### ERROR: SymLoadModule64: Not enough memory resources are available to process this command.
#01: ??? (???:???)
### ERROR: SymLoadModule64: Not enough memory resources are available to process this command.
#02: ??? (???:???)
#03: ???[C:\Program Files\Mozilla Firefox\xul.dll +0x16356e9]
#04: ???[C:\Program Files\Mozilla Firefox\xul.dll +0x1b5ec8f]
#05: ???[C:\Program Files\Mozilla Firefox\xul.dll +0x1b6542b]
#06: ???[C:\Program Files\Mozilla Firefox\xul.dll +0x1b62bfa]
#07: ???[C:\Program Files\Mozilla Firefox\xul.dll +0x122444a]
#08: ???[C:\Program Files\Mozilla Firefox\xul.dll +0x5f5e6]
#09: ???[C:\Program Files\Mozilla Firefox\xul.dll +0x1b569c7]
#10: ???[C:\Program Files\Mozilla Firefox\xul.dll +0x1b04819]
#11: ???[C:\Program Files\Mozilla Firefox\xul.dll +0x166a661]
#12: ??? (???:???)
A content process crashed and MOZ_CRASHREPORTER_SHUTDOWN is set, shutting down
1633681210955	Marionette	INFO	Stopped listening on port 12087
[Parent 6456, IPC I/O Parent] WARNING: file /builds/worker/checkouts/gecko/ipc/chromium/src/base/process_util_win.cc:167
JavaScript error: resource:///modules/Interactions.jsm, line 201: NS_ERROR_FAILURE: Component returned failure code: 0x80004005 (NS_ERROR_FAILURE) [nsIUserIdleService.removeIdleObserver]
JavaScript error: chrome://remote/content/marionette/cert.js, line 55: NS_ERROR_NOT_AVAILABLE: Component returned failure code: 0x80040111 (NS_ERROR_NOT_AVAILABLE) [nsICertOverrideService.setDisableAllSecurityChecksAndLetAttackersInterceptMyData]

###!!! [Parent][RunMessage] Error: Channel closing: too late to send/recv, messages will be lost

1633682113282	geckodriver	INFO	Listening on 127.0.0.1:7032
1633682116348	mozrunner::runner	INFO	Running command: "C:\\Program Files\\Mozilla Firefox\\firefox.exe" "--marionette" "-no-remote" "-profile" "C:\\Users\\omkar\\AppData\\Local\\Temp\\rust_mozprofileSNLjJn"
1633682117443	Marionette	INFO	Marionette enabled
out of memory: 0x0000000000000080 bytes requested
out of memory: 0x0000000000001038 bytes requested
